<?xml version="1.0" encoding="UTF-8"?>
<!-- Generated by org.testng.reporters.JUnitXMLReporter -->
<testsuite ignored="0" hostname="NOI-PG037B2M" failures="0" tests="4" name="Test" time="41.785" errors="0" timestamp="2024-11-04T00:10:22 IST">
  <testcase classname="SeleniumPackage1.SeleniumProject1.Amz_Homepage_Test" name="Homepage_Test" time="2.342"/>
  <testcase classname="SeleniumPackage1.SeleniumProject1.Amz_Registration_Test" name="Registration_Test" time="5.486"/>
  <testcase classname="SeleniumPackage1.SeleniumProject1.Amz_LoginTest" name="LoginTest" time="8.426"/>
  <testcase classname="SeleniumPackage1.SeleniumProject1.Amz_LoginFail_Test" name="Login_Fail_Test" time="1.433"/>
</testsuite> <!-- Test -->
