<?xml version="1.0" encoding="UTF-8"?>
<testsuite xmlns:xsi="http://www.w3.org/2001/XMLSchema-instance" xsi:noNamespaceSchemaLocation="https://maven.apache.org/surefire/maven-surefire-plugin/xsd/surefire-test-report-3.0.xsd" version="3.0" name="TestSuite" time="42.427" tests="4" errors="0" skipped="0" failures="0">
  <properties>
[...]
</properties>
  <testcase name="Homepage_Test" classname="SeleniumPackage1.SeleniumProject1.Amz_Homepage_Test" time="2.338">
    <system-err><![CDATA[Nov 04, 2024 12:09:43 AM org.openqa.selenium.devtools.CdpVersionFinder findNearestMatch
WARNING: Unable to find an exact match for CDP version 130, returning the closest version; found: 129; Please update to a Selenium version that supports CDP version 130
]]></system-err>
  </testcase>
  <testcase name="Registration_Test[Sandeep Kumar, 9625036605, India@4321](1)" classname="SeleniumPackage1.SeleniumProject1.Amz_Registration_Test" time="5.488">
    <system-err><![CDATA[Nov 04, 2024 12:09:56 AM org.openqa.selenium.devtools.CdpVersionFinder findNearestMatch
WARNING: Unable to find an exact match for CDP version 130, returning the closest version; found: 129; Please update to a Selenium version that supports CDP version 130
]]></system-err>
  </testcase>
  <testcase name="LoginTest" classname="SeleniumPackage1.SeleniumProject1.Amz_LoginTest" time="8.426">
    <system-out><![CDATA[decentsandy744@gmail.com
Intel@22August
]]></system-out>
    <system-err><![CDATA[Nov 04, 2024 12:10:06 AM org.openqa.selenium.devtools.CdpVersionFinder findNearestMatch
WARNING: Unable to find an exact match for CDP version 130, returning the closest version; found: 129; Please update to a Selenium version that supports CDP version 130
ERROR StatusLogger Log4j2 could not find a logging implementation. Please add log4j-core to the classpath. Using SimpleLogger to log to the console...
]]></system-err>
  </testcase>
  <testcase name="Login_Fail_Test[abc@yopmail](1)" classname="SeleniumPackage1.SeleniumProject1.Amz_LoginFail_Test" time="1.431">
    <system-err><![CDATA[Nov 04, 2024 12:10:18 AM org.openqa.selenium.devtools.CdpVersionFinder findNearestMatch
WARNING: Unable to find an exact match for CDP version 130, returning the closest version; found: 129; Please update to a Selenium version that supports CDP version 130
]]></system-err>
  </testcase>
</testsuite>